<?xml version="1.0" encoding="UTF-8"?>
<testsuite xmlns:xsi="http://www.w3.org/2001/XMLSchema-instance" xsi:noNamespaceSchemaLocation="https://maven.apache.org/surefire/maven-surefire-plugin/xsd/surefire-test-report.xsd" name="StockApplicationTests" time="0.217" tests="1" errors="1" skipped="0" failures="0">
  <properties>
[...]
</properties>
  <testcase name="StockApplicationTests" classname="StockApplicationTests" time="0.216">
    <error message="Unable to find a @SpringBootConfiguration, you need to use @ContextConfiguration or @SpringBootTest(classes=...) with your test" type="java.lang.IllegalStateException">java.lang.IllegalStateException: Unable to find a @SpringBootConfiguration, you need to use @ContextConfiguration or @SpringBootTest(classes=...) with your test
</error>
    <system-out><![CDATA[11:01:55.457 [main] DEBUG org.springframework.test.context.BootstrapUtils - Instantiating CacheAwareContextLoaderDelegate from class [org.springframework.test.context.cache.DefaultCacheAwareContextLoaderDelegate]
11:01:55.469 [main] DEBUG org.springframework.test.context.BootstrapUtils - Instantiating BootstrapContext using constructor [public org.springframework.test.context.support.DefaultBootstrapContext(java.lang.Class,org.springframework.test.context.CacheAwareContextLoaderDelegate)]
11:01:55.508 [main] DEBUG org.springframework.test.context.BootstrapUtils - Instantiating TestContextBootstrapper for test class [StockApplicationTests] from class [org.springframework.boot.test.context.SpringBootTestContextBootstrapper]
11:01:55.521 [main] INFO org.springframework.boot.test.context.SpringBootTestContextBootstrapper - Neither @ContextConfiguration nor @ContextHierarchy found for test class [StockApplicationTests], using SpringBootContextLoader
11:01:55.526 [main] DEBUG org.springframework.test.context.support.AbstractContextLoader - Did not detect default resource location for test class [StockApplicationTests]: class path resource [StockApplicationTests-context.xml] does not exist
11:01:55.527 [main] DEBUG org.springframework.test.context.support.AbstractContextLoader - Did not detect default resource location for test class [StockApplicationTests]: class path resource [StockApplicationTestsContext.groovy] does not exist
11:01:55.527 [main] INFO org.springframework.test.context.support.AbstractContextLoader - Could not detect default resource locations for test class [StockApplicationTests]: no resource found for suffixes {-context.xml, Context.groovy}.
11:01:55.528 [main] DEBUG org.springframework.test.context.support.AnnotationConfigContextLoaderUtils - Ignoring class [StockApplicationTests$ResponseBody]; it must be static, non-private, non-final, and annotated with @Configuration to be considered a default configuration class.
11:01:55.528 [main] DEBUG org.springframework.test.context.support.AnnotationConfigContextLoaderUtils - Ignoring class [StockApplicationTests$Companion]; it must be static, non-private, non-final, and annotated with @Configuration to be considered a default configuration class.
11:01:55.528 [main] INFO org.springframework.test.context.support.AnnotationConfigContextLoaderUtils - Could not detect default configuration classes for test class [StockApplicationTests]: StockApplicationTests does not declare any static, non-private, non-final, nested classes annotated with @Configuration.
11:01:55.577 [main] DEBUG org.springframework.test.context.support.ActiveProfilesUtils - Could not find an 'annotation declaring class' for annotation type [org.springframework.test.context.ActiveProfiles] and class [StockApplicationTests]
]]></system-out>
  </testcase>
</testsuite>